<?xml version="1.0" encoding="UTF-8"?>
<!-- Generated by org.testng.reporters.JUnitReportReporter -->
<testsuite skipped="0" hostname="krish" name="testngwaits.w2" tests="1" failures="0" timestamp="2022-08-06T16:52:11 IST" time="4.643" errors="0">
  <testcase name="hard" time="4.643" classname="testngwaits.w2"/>
  <system-out/>
</testsuite> <!-- testngwaits.w2 -->
