<?xml version="1.0" encoding="UTF-8"?>
<!-- Generated by org.testng.reporters.JUnitReportReporter -->
<testsuite skipped="0" hostname="krish" name="testngannotations.a1" tests="2" failures="0" timestamp="2022-07-31T16:25:13 IST" time="4.674" errors="0">
  <testcase name="t1" time="1.457" classname="testngannotations.a1"/>
  <system-out/>
  <testcase name="t2" time="3.217" classname="testngannotations.a1"/>
  <system-out/>
</testsuite> <!-- testngannotations.a1 -->
