<?xml version="1.0" encoding="UTF-8"?>
<!-- Generated by org.testng.reporters.JUnitReportReporter -->
<testsuite skipped="1" hostname="krish" name="testngattibutes.c1" tests="3" failures="0" timestamp="2022-07-30T16:46:46 IST" time="0.006" errors="0">
  <testcase name="ab" time="0.005" classname="testngattibutes.c1"/>
  <system-out/>
  <testcase name="cd" time="0.001" classname="testngattibutes.c1"/>
  <system-out/>
  <testcase name="t1" classname="testngattibutes.c1">
    <skipped/>
  </testcase> <!-- t1 -->
  <system-out/>
</testsuite> <!-- testngattibutes.c1 -->
