<?xml version="1.0" encoding="UTF-8"?>
<!-- Generated by org.testng.reporters.JUnitReportReporter -->
<testsuite skipped="0" hostname="krish" name="testngdepemdency.real" tests="7" failures="0" timestamp="2022-07-30T17:14:04 IST" time="9.924" errors="0">
  <testcase name="visiting" time="2.843" classname="testngdepemdency.real"/>
  <system-out/>
  <testcase name="max" time="0.136" classname="testngdepemdency.real"/>
  <system-out/>
  <testcase name="refresh" time="0.888" classname="testngdepemdency.real"/>
  <system-out/>
  <testcase name="refresh" time="0.963" classname="testngdepemdency.real"/>
  <system-out/>
  <testcase name="refresh" time="0.018" classname="testngdepemdency.real"/>
  <system-out/>
  <testcase name="clicking" time="2.432" classname="testngdepemdency.real"/>
  <system-out/>
  <testcase name="quit" time="2.644" classname="testngdepemdency.real"/>
  <system-out/>
</testsuite> <!-- testngdepemdency.real -->
