<?xml version="1.0" encoding="UTF-8"?>
<!-- Generated by org.testng.reporters.JUnitReportReporter -->
<testsuite skipped="0" hostname="krish" name="testngdependency.real" tests="7" failures="0" timestamp="2022-07-15T19:28:38 IST" time="15.157" errors="0">
  <testcase name="visiting" time="6.066" classname="testngdependency.real"/>
  <system-out/>
  <testcase name="max" time="0.130" classname="testngdependency.real"/>
  <system-out/>
  <testcase name="refresh" time="1.437" classname="testngdependency.real"/>
  <system-out/>
  <testcase name="refresh" time="1.138" classname="testngdependency.real"/>
  <system-out/>
  <testcase name="refresh" time="0.032" classname="testngdependency.real"/>
  <system-out/>
  <testcase name="click" time="3.724" classname="testngdependency.real"/>
  <system-out/>
  <testcase name="close" time="2.630" classname="testngdependency.real"/>
  <system-out/>
</testsuite> <!-- testngdependency.real -->
