<?xml version="1.0" encoding="UTF-8"?>
<!-- Generated by org.testng.reporters.JUnitReportReporter -->
<testsuite skipped="0" hostname="krish" name="fileupload.up" tests="1" failures="0" timestamp="2022-08-03T14:25:42 IST" time="13.511" errors="0">
  <testcase name="upload" time="13.511" classname="fileupload.up"/>
  <system-out/>
</testsuite> <!-- fileupload.up -->
