<?xml version="1.0" encoding="UTF-8"?>
<!-- Generated by org.testng.reporters.JUnitReportReporter -->
<testsuite skipped="0" hostname="krish" name="Testngwaits.ex" tests="1" failures="0" timestamp="2022-07-19T19:31:39 IST" time="3.622" errors="0">
  <testcase name="imw" time="3.622" classname="Testngwaits.ex"/>
  <system-out/>
</testsuite> <!-- Testngwaits.ex -->
