<?xml version="1.0" encoding="UTF-8"?>
<!-- Generated by org.testng.reporters.JUnitReportReporter -->
<testsuite skipped="1" hostname="krish" name="Testngattributes.t1" tests="5" failures="0" timestamp="2022-07-12T19:32:12 IST" time="0.007" errors="0">
  <testcase name="t1" time="0.006" classname="Testngattributes.t1"/>
  <system-out/>
  <testcase name="t1" time="0.001" classname="Testngattributes.t1"/>
  <system-out/>
  <testcase name="t1" time="0.000" classname="Testngattributes.t1"/>
  <system-out/>
  <testcase name="ab" time="0.000" classname="Testngattributes.t1"/>
  <system-out/>
  <testcase name="t2" classname="Testngattributes.t1">
    <skipped/>
  </testcase> <!-- t2 -->
  <system-out/>
</testsuite> <!-- Testngattributes.t1 -->
