<?xml version="1.0" encoding="UTF-8"?>
<!-- Generated by org.testng.reporters.JUnitReportReporter -->
<testsuite skipped="0" hostname="krish" name="testngannotations.a1" tests="2" failures="0" timestamp="2022-07-18T19:38:51 IST" time="5.706" errors="0">
  <testcase name="t1" time="0.699" classname="testngannotations.a1"/>
  <system-out/>
  <testcase name="t2" time="5.007" classname="testngannotations.a1"/>
  <system-out/>
</testsuite> <!-- testngannotations.a1 -->
