<?xml version="1.0" encoding="UTF-8"?>
<!-- Generated by org.testng.reporters.JUnitReportReporter -->
<testsuite skipped="0" hostname="krish" name="Testngassertion.a1" tests="1" failures="0" timestamp="2022-07-20T19:17:43 IST" time="5.090" errors="0">
  <testcase name="imw" time="5.090" classname="Testngassertion.a1"/>
  <system-out/>
</testsuite> <!-- Testngassertion.a1 -->
