<?xml version="1.0" encoding="UTF-8"?>
<!-- Generated by org.testng.reporters.JUnitReportReporter -->
<testsuite skipped="0" hostname="krish" name="basics.c1" tests="1" failures="0" timestamp="31 Aug 2022 00:53:59 GMT" time="2.887" errors="0">
  <testcase name="t1" time="2.887" classname="basics.c1"/>
</testsuite> <!-- basics.c1 -->
